Insertion failed. Info: 

Insertion failed. Info: 

Queried failed. Info: 

Queried failed. Info: 
(0, '')
Queried failed. Info: 
(0, '')
Queried failed. Info: 
(0, '')
Queried failed. Info: 
(0, '')
Queried failed. Info: 
(0, '')
Queried failed. Info: 
(0, '')
Queried failed. Info: 
(0, '')
Queried failed. Info: 
(0, '')
Queried failed. Info: 
(0, '')
Queried failed. Info: 
(0, '')
Queried failed. Info: 
(0, '')
Queried failed. Info: 
(0, '')
Queried failed. Info: 
(0, '')
Queried failed. Info: 
(0, '')
Queried failed. Info: 
(0, '')
Queried failed. Info: 
(0, '')
Queried failed. Info: 
(0, '')
Queried failed. Info: 

Queried failed. Info: 
(0, '')
Queried failed. Info: 
(0, '')
Queried failed. Info: 
(0, '')
Queried failed. Info: 
(0, '')
Queried failed. Info: 
(0, '')
Queried failed. Info: 
(0, '')
Queried failed. Info: 
(0, '')
Queried failed. Info: 
(0, '')
Queried failed. Info: 
(0, '')
Queried failed. Info: 
(0, '')
Queried failed. Info: 
(0, '')
Queried failed. Info: 
(0, '')
Queried failed. Info: 

Queried failed. Info: 
(0, '')
Queried failed. Info: 
(0, '')
Queried failed. Info: 
(0, '')
Queried failed. Info: 
(0, '')
Queried failed. Info: 
(0, '')
Queried failed. Info: 
(0, '')
Queried failed. Info: 
(0, '')
Queried failed. Info: 
(0, '')
Queried failed. Info: 
(0, '')
Queried failed. Info: 
(0, '')
Queried failed. Info: 
(0, '')
Queried failed. Info: 
(0, '')
Queried failed. Info: 
(0, '')
Queried failed. Info: 
(0, '')
Queried failed. Info: 

Connection failed. Info: 

Connection failed. Info: 

Queried failed. Info: 

Connection failed. Info: 

Queried failed. Info: 
SQLDatabase instance has no attribute 'connection'
Queried failed. Info: 
SQLDatabase instance has no attribute 'connection'
Queried failed. Info: 
SQLDatabase instance has no attribute 'connection'
Queried failed. Info: 
SQLDatabase instance has no attribute 'connection'
Queried failed. Info: 
SQLDatabase instance has no attribute 'connection'
Queried failed. Info: 
SQLDatabase instance has no attribute 'connection'
Queried failed. Info: 
(0, '')
Queried failed. Info: 
(0, '')
Connection failed. Info: 

Connection failed. Info: 

Connection failed. Info: 

Connection failed. Info: 

Connection failed. Info: 

Connection failed. Info: 

Connection failed. Info: 

Connection failed. Info: 

Connection failed. Info: 

Connection failed. Info: 

Queried failed. Info: 
SQLDatabase instance has no attribute 'connection'
Connection failed. Info: 

Connection failed. Info: 

Connection failed. Info: 

Connection failed. Info: 

Connection failed. Info: 

Queried failed. Info: 
SQLDatabase instance has no attribute 'connection'
Queried failed. Info: 
SQLDatabase instance has no attribute 'connection'
Queried failed. Info: 
SQLDatabase instance has no attribute 'connection'
Queried failed. Info: 
SQLDatabase instance has no attribute 'connection'
